Performing C++ SOURCE FILE Test CMAKE_HAVE_LIBC_PTHREAD failed with the following output:
Change Dir: /home/wjf/Desktop/multi_thread_torch/build/CMakeFiles/CMakeTmp

Run Build Command(s):/usr/bin/make cmTC_0da7a/fast && /usr/bin/make -f CMakeFiles/cmTC_0da7a.dir/build.make CMakeFiles/cmTC_0da7a.dir/build
make[1]: Entering directory '/home/wjf/Desktop/multi_thread_torch/build/CMakeFiles/CMakeTmp'
Building CXX object CMakeFiles/cmTC_0da7a.dir/src.cxx.o
/usr/bin/x86_64-linux-gnu-g++-9    -DCMAKE_HAVE_LIBC_PTHREAD   -o CMakeFiles/cmTC_0da7a.dir/src.cxx.o -c /home/wjf/Desktop/multi_thread_torch/build/CMakeFiles/CMakeTmp/src.cxx
Linking CXX executable cmTC_0da7a
/usr/bin/cmake -E cmake_link_script CMakeFiles/cmTC_0da7a.dir/link.txt --verbose=1
/usr/bin/x86_64-linux-gnu-g++-9   -DCMAKE_HAVE_LIBC_PTHREAD    -rdynamic CMakeFiles/cmTC_0da7a.dir/src.cxx.o  -o cmTC_0da7a 
/usr/bin/ld: CMakeFiles/cmTC_0da7a.dir/src.cxx.o: in function `main':
src.cxx:(.text+0x46): undefined reference to `pthread_create'
/usr/bin/ld: src.cxx:(.text+0x52): undefined reference to `pthread_detach'
/usr/bin/ld: src.cxx:(.text+0x63): undefined reference to `pthread_join'
collect2: error: ld returned 1 exit status
make[1]: *** [CMakeFiles/cmTC_0da7a.dir/build.make:87: cmTC_0da7a] Error 1
make[1]: Leaving directory '/home/wjf/Desktop/multi_thread_torch/build/CMakeFiles/CMakeTmp'
make: *** [Makefile:121: cmTC_0da7a/fast] Error 2


Source file was:
#include <pthread.h>

void* test_func(void* data)
{
  return data;
}

int main(void)
{
  pthread_t thread;
  pthread_create(&thread, NULL, test_func, NULL);
  pthread_detach(thread);
  pthread_join(thread, NULL);
  pthread_atfork(NULL, NULL, NULL);
  pthread_exit(NULL);

  return 0;
}

Determining if the function pthread_create exists in the pthreads failed with the following output:
Change Dir: /home/wjf/Desktop/multi_thread_torch/build/CMakeFiles/CMakeTmp

Run Build Command(s):/usr/bin/make cmTC_a8ad4/fast && /usr/bin/make -f CMakeFiles/cmTC_a8ad4.dir/build.make CMakeFiles/cmTC_a8ad4.dir/build
make[1]: Entering directory '/home/wjf/Desktop/multi_thread_torch/build/CMakeFiles/CMakeTmp'
Building CXX object CMakeFiles/cmTC_a8ad4.dir/CheckFunctionExists.cxx.o
/usr/bin/x86_64-linux-gnu-g++-9    -DCHECK_FUNCTION_EXISTS=pthread_create   -o CMakeFiles/cmTC_a8ad4.dir/CheckFunctionExists.cxx.o -c /home/wjf/Desktop/multi_thread_torch/build/CMakeFiles/CheckLibraryExists/CheckFunctionExists.cxx
Linking CXX executable cmTC_a8ad4
/usr/bin/cmake -E cmake_link_script CMakeFiles/cmTC_a8ad4.dir/link.txt --verbose=1
/usr/bin/x86_64-linux-gnu-g++-9   -DCHECK_FUNCTION_EXISTS=pthread_create    -rdynamic CMakeFiles/cmTC_a8ad4.dir/CheckFunctionExists.cxx.o  -o cmTC_a8ad4  -lpthreads 
/usr/bin/ld: cannot find -lpthreads
collect2: error: ld returned 1 exit status
make[1]: *** [CMakeFiles/cmTC_a8ad4.dir/build.make:87: cmTC_a8ad4] Error 1
make[1]: Leaving directory '/home/wjf/Desktop/multi_thread_torch/build/CMakeFiles/CMakeTmp'
make: *** [Makefile:121: cmTC_a8ad4/fast] Error 2



